### 21.09.2021 21:14:19
Array
(
    [title] => Главная
)



### 21.09.2021 21:14:19
Array
(
    [title] => Каталог
    [catalog] => Array
        (
            [0] => Array
                (
                    [name] => Пицца
                    [price] => 24
                )

            [1] => Array
                (
                    [name] => Чай
                    [price] => 1
                )

            [2] => Array
                (
                    [name] => Яблоко
                    [price] => 12
                )

        )

)



### 21.09.2021 21:14:20
Array
(
    [title] => about
    [phone] => 444333
)



